<?xml version="1.0" encoding="UTF-8"?>
<testng-results ignored="0" total="1" passed="1" failed="0" skipped="0">
  <reporter-output>
  </reporter-output>
  <suite started-at="2023-03-31T09:20:13 IST" name="Default suite" finished-at="2023-03-31T09:20:25 IST" duration-ms="11935">
    <groups>
    </groups>
    <test started-at="2023-03-31T09:20:13 IST" name="Default test" finished-at="2023-03-31T09:20:25 IST" duration-ms="11935">
      <class name="com.ust.test.Firsttest">
        <test-method signature="TestGoogle()[pri:0, instance:com.ust.test.Firsttest@61df66b6]" started-at="2023-03-31T09:20:13 IST" name="TestGoogle" finished-at="2023-03-31T09:20:25 IST" duration-ms="11873" status="PASS">
          <reporter-output>
          </reporter-output>
        </test-method> <!-- TestGoogle -->
      </class> <!-- com.ust.test.Firsttest -->
    </test> <!-- Default test -->
  </suite> <!-- Default suite -->
</testng-results>
